<?xml version="1.0" encoding="UTF-8"?>
<!-- Generated by org.testng.reporters.JUnitXMLReporter -->
<testsuite ignored="1" hostname="Latitude3590" failures="0" tests="3" name="Library_API" time="2.341" errors="0" timestamp="2024-09-29T23:59:05 IST">
  <testcase classname="library_api.Library_API" name="deleteBook" time="1.942"/>
  <testcase classname="library_api.Library_API" name="deleteBook" time="0.168"/>
  <testcase classname="library_api.Library_API" name="deleteBook" time="0.172"/>
  <testcase classname="library_api.Library_API" name="addBook" time="0.0">
    <ignored/>
  </testcase> <!-- addBook -->
</testsuite> <!-- Library_API -->
