<?xml version="1.0" encoding="UTF-8"?>
<!-- Generated by org.testng.reporters.JUnitXMLReporter -->
<testsuite ignored="2" hostname="Latitude3590" failures="0" tests="1" name="Test" time="2.682" errors="0" timestamp="2024-09-30T16:52:57 IST">
  <testcase classname="jira_api.JiraAPI" name="getIssue" time="2.642"/>
  <testcase classname="jira_api.JiraAPI" name="createBug" time="0.0">
    <ignored/>
  </testcase> <!-- createBug -->
  <testcase classname="jira_api.JiraAPI" name="addAttachment" time="0.0">
    <ignored/>
  </testcase> <!-- addAttachment -->
</testsuite> <!-- Test -->
