<?xml version="1.0" encoding="UTF-8"?>
<testng-results ignored="0" total="2" passed="2" failed="0" skipped="0">
  <reporter-output>
  </reporter-output>
  <suite started-at="2024-10-11T11:46:18 IST" name="Default suite" finished-at="2024-10-11T11:46:21 IST" duration-ms="2728">
    <groups>
    </groups>
    <test started-at="2024-10-11T11:46:18 IST" name="Default test" finished-at="2024-10-11T11:46:21 IST" duration-ms="2728">
      <class name="library_api.Library_API">
        <test-method signature="addBook(java.util.Map)[pri:0, instance:library_api.Library_API@478190fc]" started-at="2024-10-11T11:46:18 IST" name="addBook" data-provider="BookData_AsHashMap" finished-at="2024-10-11T11:46:21 IST" duration-ms="2434" status="PASS">
          <params>
            <param index="0">
              <value>
                <![CDATA[{name=Marut2, aisle=4LR, author=Jimmy Carter, isbn=1953}]]>
              </value>
            </param>
          </params>
          <reporter-output>
          </reporter-output>
        </test-method> <!-- addBook -->
        <test-method signature="addBook(java.util.Map)[pri:0, instance:library_api.Library_API@478190fc]" started-at="2024-10-11T11:46:21 IST" name="addBook" data-provider="BookData_AsHashMap" finished-at="2024-10-11T11:46:21 IST" duration-ms="248" status="PASS">
          <params>
            <param index="0">
              <value>
                <![CDATA[{name=Truss2, aisle=5JD6, author=Elizabeth Homes, isbn=1568}]]>
              </value>
            </param>
          </params>
          <reporter-output>
          </reporter-output>
        </test-method> <!-- addBook -->
      </class> <!-- library_api.Library_API -->
    </test> <!-- Default test -->
  </suite> <!-- Default suite -->
</testng-results>
